StrictPopulateError: Cannot populate path `linkedMomId` because it is not in your schema. Set the `strictPopulate` option to false to override.
    at getModelsMapForPopulate (C:\Users\zlmns\Desktop\oval main\ovel-main\node_modules\mongoose\lib\helpers\populate\getModelsMapForPopulate.js:55:12)
    at _populatePath (C:\Users\zlmns\Desktop\oval main\ovel-main\node_modules\mongoose\lib\model.js:4495:21)
    at model.populate (C:\Users\zlmns\Desktop\oval main\ovel-main\node_modules\mongoose\lib\model.js:4462:21)
    at model.Query._find (C:\Users\zlmns\Desktop\oval main\ovel-main\node_modules\mongoose\lib\query.js:2511:20)
    at process.processTicksAndRejections (node:internal/process/task_queues:104:5)
    at async maybeTracedQueryExec (C:\Users\zlmns\Desktop\oval main\ovel-main\node_modules\mongoose\lib\query.js:4801:65)
    at async GET (C:\Users\zlmns\Desktop\oval main\ovel-main\.next\dev\server\chunks\[root-of-the-server]__0g3fjra._.js:2869:23)
    at async AppRouteRouteModule.do (C:\Users\zlmns\Desktop\oval main\ovel-main\node_modules\next\dist\compiled\next-server\app-route-turbo.runtime.dev.js:5:40131)
    at async AppRouteRouteModule.handle (C:\Users\zlmns\Desktop\oval main\ovel-main\node_modules\next\dist\compiled\next-server\app-route-turbo.runtime.dev.js:5:47411)
    at async responseGenerator (C:\Users\zlmns\Desktop\oval main\ovel-main\.next\dev\server\chunks\node_modules_next_04dmcvl._.js:18380:38)
    at async AppRouteRouteModule.handleResponse (C:\Users\zlmns\Desktop\oval main\ovel-main\node_modules\next\dist\compiled\next-server\app-route-turbo.runtime.dev.js:1:228552)
    at async handleResponse (C:\Users\zlmns\Desktop\oval main\ovel-main\.next\dev\server\chunks\node_modules_next_04dmcvl._.js:18443:32)
    at async Module.handler (C:\Users\zlmns\Desktop\oval main\ovel-main\.next\dev\server\chunks\node_modules_next_04dmcvl._.js:18497:13)
    at async DevServer.renderToResponseWithComponentsImpl (C:\Users\zlmns\Desktop\oval main\ovel-main\node_modules\next\dist\server\base-server.js:1462:9)
    at async DevServer.renderPageComponent (C:\Users\zlmns\Desktop\oval main\ovel-main\node_modules\next\dist\server\base-server.js:1514:24)
    at async DevServer.renderToResponseImpl (C:\Users\zlmns\Desktop\oval main\ovel-main\node_modules\next\dist\server\base-server.js:1564:32)
    at async DevServer.pipeImpl (C:\Users\zlmns\Desktop\oval main\ovel-main\node_modules\next\dist\server\base-server.js:1044:25)
    at async NextNodeServer.handleCatchallRenderRequest (C:\Users\zlmns\Desktop\oval main\ovel-main\node_modules\next\dist\server\next-server.js:338:17)
    at async DevServer.handleRequestImpl (C:\Users\zlmns\Desktop\oval main\ovel-main\node_modules\next\dist\server\base-server.js:935:17)
    at async C:\Users\zlmns\Desktop\oval main\ovel-main\node_modules\next\dist\server\dev\next-dev-server.js:394:20
    at async Span.traceAsyncFn (C:\Users\zlmns\Desktop\oval main\ovel-main\node_modules\next\dist\trace\trace.js:164:20)
    at async DevServer.handleRequest (C:\Users\zlmns\Desktop\oval main\ovel-main\node_modules\next\dist\server\dev\next-dev-server.js:390:24)
    at async invokeRender (C:\Users\zlmns\Desktop\oval main\ovel-main\node_modules\next\dist\server\lib\router-server.js:266:21)
    at async handleRequest (C:\Users\zlmns\Desktop\oval main\ovel-main\node_modules\next\dist\server\lib\router-server.js:465:24)
    at async requestHandlerImpl (C:\Users\zlmns\Desktop\oval main\ovel-main\node_modules\next\dist\server\lib\router-server.js:514:13)
    at async Server.requestListener (C:\Users\zlmns\Desktop\oval main\ovel-main\node_modules\next\dist\server\lib\start-server.js:225:13)